Build started 2016-01-11 21:43:54.
     1>Project "C:\Users\Julia\Documents\Visual Studio 2013\Projects\JASol\JAApp\JAApp.vcxproj" on node 2 (Build target(s)).
     1>ClCompile:
         C:\Program Files (x86)\Microsoft Visual Studio 12.0\VC\bin\CL.exe /c /ZI /nologo /W3 /WX- /sdl /Od /Oy- /D WIN32 /D _DEBUG /D _CONSOLE /D _LIB /D _UNICODE /D UNICODE /Gm /EHsc /RTC1 /MDd /GS /fp:precise /Zc:wchar_t /Zc:forScope /Yu"stdafx.h" /Fp"Debug\JAApp.pch" /Fo"Debug\\" /Fd"Debug\vc120.pdb" /Gz /TP /analyze- /errorReport:prompt ObslugaDanych.cpp
         ObslugaDanych.cpp
     1>c:\users\julia\documents\visual studio 2013\projects\jasol\jaapp\obslugadanych.cpp(65): warning C4018: '<' : signed/unsigned mismatch
     1>c:\users\julia\documents\visual studio 2013\projects\jasol\jaapp\obslugadanych.cpp(66): warning C4018: '<' : signed/unsigned mismatch
     1>c:\users\julia\documents\visual studio 2013\projects\jasol\jaapp\obslugadanych.cpp(67): warning C4018: '<' : signed/unsigned mismatch
       Link:
         C:\Program Files (x86)\Microsoft Visual Studio 12.0\VC\bin\link.exe /ERRORREPORT:PROMPT /OUT:"C:\Users\Julia\Documents\Visual Studio 2013\Projects\JASol\Debug\JAApp.exe" /INCREMENTAL /NOLOGO kernel32.lib user32.lib gdi32.lib winspool.lib comdlg32.lib advapi32.lib shell32.lib ole32.lib oleaut32.lib uuid.lib odbc32.lib odbccp32.lib /MANIFEST /MANIFESTUAC:"level='asInvoker' uiAccess='false'" /manifest:embed /DEBUG /PDB:"C:\Users\Julia\Documents\Visual Studio 2013\Projects\JASol\Debug\JAApp.pdb" /SUBSYSTEM:WINDOWS /TLBID:1 /DYNAMICBASE /NXCOMPAT /IMPLIB:"C:\Users\Julia\Documents\Visual Studio 2013\Projects\JASol\Debug\JAApp.lib" /MACHINE:X86 Debug\CPUInfo.obj
         Debug\JAApp.obj
         Debug\ObslugaDanych.obj
         Debug\ObslugaDll.obj
         Debug\ObslugaWatkow.obj
         Debug\stdafx.obj
         Debug\TworzenieWatkow.obj
         JAApp.vcxproj -> C:\Users\Julia\Documents\Visual Studio 2013\Projects\JASol\Debug\JAApp.exe
     1>Done Building Project "C:\Users\Julia\Documents\Visual Studio 2013\Projects\JASol\JAApp\JAApp.vcxproj" (Build target(s)).

Build succeeded.

Time Elapsed 00:00:05.21
